TN:
SF:/Users/elf/Desktop/projects/birds2/birds/app.js
FN:32,(anonymous_0)
FN:39,(anonymous_1)
FNF:2
FNH:0
FNDA:0,(anonymous_0)
FNDA:0,(anonymous_1)
DA:1,1
DA:3,0
DA:4,0
DA:5,0
DA:6,0
DA:10,1
DA:11,1
DA:12,1
DA:13,1
DA:14,1
DA:16,1
DA:17,1
DA:19,1
DA:20,1
DA:21,1
DA:23,1
DA:25,1
DA:26,1
DA:27,1
DA:30,1
DA:32,1
DA:33,0
DA:36,1
DA:39,1
DA:40,0
DA:43,1
LF:26
LH:20
BRDA:1,1,0,0
BRDA:1,1,1,1
BRDA:3,2,0,0
BRDA:3,2,1,0
BRDA:5,3,0,0
BRDA:5,3,1,0
BRDA:26,4,0,1
BRDA:26,4,1,0
BRF:8
BRH:2
end_of_record
TN:
SF:/Users/elf/Desktop/projects/birds2/birds/db.js
FNF:0
FNH:0
DA:1,1
LF:1
LH:1
BRF:0
BRH:0
end_of_record
TN:
SF:/Users/elf/Desktop/projects/birds2/birds/api/index.js
FNF:0
FNH:0
DA:1,1
DA:2,1
DA:4,1
DA:6,1
DA:8,1
LF:5
LH:5
BRF:0
BRH:0
end_of_record
TN:
SF:/Users/elf/Desktop/projects/birds2/birds/api/v1/index.js
FN:23,authenticate
FN:24,(anonymous_1)
FN:35,(anonymous_2)
FN:36,(anonymous_3)
FN:46,(anonymous_4)
FN:341,(anonymous_5)
FN:344,(anonymous_6)
FN:375,(anonymous_7)
FNF:8
FNH:3
FNDA:0,authenticate
FNDA:0,(anonymous_1)
FNDA:4,(anonymous_2)
FNDA:0,(anonymous_3)
FNDA:0,(anonymous_4)
FNDA:6,(anonymous_5)
FNDA:2,(anonymous_6)
FNDA:0,(anonymous_7)
DA:1,1
DA:2,1
DA:3,1
DA:4,1
DA:5,1
DA:6,1
DA:7,1
DA:9,1
DA:10,1
DA:11,1
DA:13,1
DA:15,1
DA:17,1
DA:19,1
DA:21,1
DA:23,1
DA:24,0
DA:25,0
DA:26,0
DA:27,0
DA:28,0
DA:29,0
DA:33,1
DA:36,4
DA:37,0
DA:38,0
DA:39,0
DA:40,0
DA:41,0
DA:42,0
DA:46,1
DA:47,0
DA:86,1
DA:123,1
DA:162,1
DA:209,1
DA:232,1
DA:278,1
DA:306,1
DA:341,1
DA:342,6
DA:345,2
DA:346,2
DA:347,2
DA:349,0
DA:353,0
DA:375,1
DA:376,0
DA:377,0
DA:380,1
LF:50
LH:33
BRDA:25,1,0,0
BRDA:25,1,1,0
BRDA:25,2,0,0
BRDA:25,2,1,0
BRDA:25,2,2,0
BRDA:27,3,0,0
BRDA:27,3,1,0
BRDA:27,4,0,0
BRDA:27,4,1,0
BRDA:27,4,2,0
BRDA:37,5,0,0
BRDA:37,5,1,0
BRDA:39,6,0,0
BRDA:39,6,1,0
BRDA:41,7,0,0
BRDA:41,7,1,0
BRDA:345,8,0,0
BRDA:345,8,1,2
BRDA:346,9,0,2
BRDA:346,9,1,0
BRF:20
BRH:2
end_of_record
TN:
SF:/Users/elf/Desktop/projects/birds2/birds/api/v1/teams.js
FN:7,createTeam
FN:18,(anonymous_1)
FN:23,getTeams
FN:24,(anonymous_3)
FN:25,(anonymous_4)
FN:31,postCreateTeam
FN:32,(anonymous_6)
FN:44,(anonymous_7)
FN:49,(anonymous_8)
FN:52,(anonymous_9)
FN:55,(anonymous_10)
FNF:11
FNH:1
FNDA:0,createTeam
FNDA:0,(anonymous_1)
FNDA:0,getTeams
FNDA:0,(anonymous_3)
FNDA:0,(anonymous_4)
FNDA:1,postCreateTeam
FNDA:0,(anonymous_6)
FNDA:0,(anonymous_7)
FNDA:0,(anonymous_8)
FNDA:0,(anonymous_9)
FNDA:0,(anonymous_10)
DA:1,1
DA:3,1
DA:4,1
DA:5,1
DA:7,1
DA:8,0
DA:18,0
DA:19,0
DA:23,1
DA:24,0
DA:25,0
DA:26,0
DA:27,0
DA:31,1
DA:32,1
DA:33,0
DA:34,0
DA:35,0
DA:36,0
DA:37,0
DA:44,0
DA:45,0
DA:46,0
DA:47,0
DA:48,0
DA:49,0
DA:50,0
DA:51,0
DA:52,0
DA:53,0
DA:54,0
DA:55,0
DA:56,0
DA:57,0
DA:58,0
DA:63,0
DA:71,1
DA:72,1
DA:73,1
LF:39
LH:11
BRDA:33,1,0,0
BRDA:33,1,1,0
BRDA:35,2,0,0
BRDA:35,2,1,0
BRDA:45,3,0,0
BRDA:45,3,1,0
BRDA:47,4,0,0
BRDA:47,4,1,0
BRDA:50,5,0,0
BRDA:50,5,1,0
BRDA:53,6,0,0
BRDA:53,6,1,0
BRDA:56,7,0,0
BRDA:56,7,1,0
BRF:14
BRH:0
end_of_record
TN:
SF:/Users/elf/Desktop/projects/birds2/birds/api/v1/users.js
FN:11,(anonymous_0)
FN:14,(anonymous_1)
FN:24,(anonymous_2)
FN:29,(anonymous_3)
FN:42,(anonymous_4)
FN:43,(anonymous_5)
FN:44,(anonymous_6)
FN:50,(anonymous_7)
FN:51,(anonymous_8)
FN:60,(anonymous_9)
FN:78,(anonymous_10)
FN:82,(anonymous_11)
FN:93,(anonymous_12)
FN:100,(anonymous_13)
FN:108,(anonymous_14)
FN:112,(anonymous_15)
FN:119,(anonymous_16)
FN:133,(anonymous_17)
FN:142,(anonymous_18)
FN:152,(anonymous_19)
FN:159,(anonymous_20)
FNF:21
FNH:2
FNDA:2,(anonymous_0)
FNDA:0,(anonymous_1)
FNDA:0,(anonymous_2)
FNDA:0,(anonymous_3)
FNDA:3,(anonymous_4)
FNDA:0,(anonymous_5)
FNDA:0,(anonymous_6)
FNDA:0,(anonymous_7)
FNDA:0,(anonymous_8)
FNDA:0,(anonymous_9)
FNDA:0,(anonymous_10)
FNDA:0,(anonymous_11)
FNDA:0,(anonymous_12)
FNDA:0,(anonymous_13)
FNDA:0,(anonymous_14)
FNDA:0,(anonymous_15)
FNDA:0,(anonymous_16)
FNDA:0,(anonymous_17)
FNDA:0,(anonymous_18)
FNDA:0,(anonymous_19)
FNDA:0,(anonymous_20)
DA:1,1
DA:3,1
DA:4,1
DA:5,1
DA:8,1
DA:9,1
DA:11,1
DA:12,2
DA:13,1
DA:14,1
DA:15,0
DA:16,0
DA:17,0
DA:24,0
DA:25,0
DA:26,0
DA:27,0
DA:28,0
DA:29,0
DA:31,0
DA:32,0
DA:33,0
DA:36,0
DA:42,1
DA:43,3
DA:44,0
DA:45,0
DA:46,0
DA:50,1
DA:51,0
DA:53,0
DA:54,0
DA:55,0
DA:56,0
DA:60,1
DA:61,0
DA:63,0
DA:66,0
DA:67,0
DA:68,0
DA:69,0
DA:70,0
DA:71,0
DA:72,0
DA:73,0
DA:74,0
DA:76,0
DA:78,0
DA:80,0
DA:81,0
DA:82,0
DA:83,0
DA:84,0
DA:85,0
DA:86,0
DA:92,0
DA:93,0
DA:94,0
DA:95,0
DA:96,0
DA:97,0
DA:100,0
DA:101,0
DA:102,0
DA:103,0
DA:104,0
DA:108,1
DA:109,0
DA:110,0
DA:112,0
DA:113,0
DA:114,0
DA:116,0
DA:119,0
DA:120,0
DA:121,0
DA:122,0
DA:124,0
DA:126,0
DA:127,0
DA:128,0
DA:129,0
DA:131,0
DA:133,0
DA:134,0
DA:135,0
DA:136,0
DA:138,0
DA:140,0
DA:143,0
DA:144,0
DA:145,0
DA:149,0
DA:150,0
DA:152,0
DA:153,0
DA:154,0
DA:155,0
DA:157,0
DA:159,0
DA:160,0
DA:161,0
DA:162,0
DA:164,0
DA:166,0
LF:105
LH:15
BRDA:12,1,0,1
BRDA:12,1,1,1
BRDA:15,2,0,0
BRDA:15,2,1,0
BRDA:15,3,0,0
BRDA:15,3,1,0
BRDA:25,4,0,0
BRDA:25,4,1,0
BRDA:27,5,0,0
BRDA:27,5,1,0
BRDA:31,6,0,0
BRDA:31,6,1,0
BRDA:53,7,0,0
BRDA:53,7,1,0
BRDA:55,8,0,0
BRDA:55,8,1,0
BRDA:61,9,0,0
BRDA:61,9,1,0
BRDA:67,10,0,0
BRDA:67,10,1,0
BRDA:69,11,0,0
BRDA:69,11,1,0
BRDA:71,12,0,0
BRDA:71,12,1,0
BRDA:73,13,0,0
BRDA:73,13,1,0
BRDA:76,14,0,0
BRDA:76,14,1,0
BRDA:80,15,0,0
BRDA:80,15,1,0
BRDA:83,16,0,0
BRDA:83,16,1,0
BRDA:85,17,0,0
BRDA:85,17,1,0
BRDA:92,18,0,0
BRDA:92,18,1,0
BRDA:94,19,0,0
BRDA:94,19,1,0
BRDA:101,20,0,0
BRDA:101,20,1,0
BRDA:109,21,0,0
BRDA:109,21,1,0
BRDA:113,22,0,0
BRDA:113,22,1,0
BRDA:118,23,0,0
BRDA:118,23,1,0
BRDA:118,23,2,0
BRDA:118,23,3,0
BRDA:120,24,0,0
BRDA:120,24,1,0
BRDA:126,25,0,0
BRDA:126,25,1,0
BRDA:128,26,0,0
BRDA:128,26,1,0
BRDA:134,27,0,0
BRDA:134,27,1,0
BRDA:136,28,0,0
BRDA:136,28,1,0
BRDA:143,29,0,0
BRDA:143,29,1,0
BRDA:149,30,0,0
BRDA:149,30,1,0
BRDA:153,31,0,0
BRDA:153,31,1,0
BRDA:160,32,0,0
BRDA:160,32,1,0
BRF:66
BRH:2
end_of_record
TN:
SF:/Users/elf/Desktop/projects/birds2/birds/api/v1/util.js
FN:3,noSession
FN:7,invalidToken
FN:11,unauthorized
FN:15,message
FN:19,error
FN:23,data
FN:27,sterilizeUser
FN:37,sterilizeUserWithProgress
FN:43,sterilizeTeam
FNF:9
FNH:2
FNDA:0,noSession
FNDA:0,invalidToken
FNDA:2,unauthorized
FNDA:0,message
FNDA:3,error
FNDA:0,data
FNDA:0,sterilizeUser
FNDA:0,sterilizeUserWithProgress
FNDA:0,sterilizeTeam
DA:1,1
DA:3,1
DA:4,0
DA:7,1
DA:8,0
DA:11,1
DA:12,2
DA:15,1
DA:16,0
DA:19,1
DA:20,3
DA:23,1
DA:24,0
DA:27,1
DA:28,0
DA:37,1
DA:38,0
DA:39,0
DA:40,0
DA:43,1
DA:44,0
DA:50,1
DA:51,1
DA:52,1
DA:53,1
DA:54,1
DA:55,1
DA:56,1
DA:57,1
DA:58,1
LF:30
LH:21
BRDA:20,1,0,3
BRDA:20,1,1,0
BRDA:20,2,0,3
BRDA:20,2,1,0
BRF:4
BRH:2
end_of_record
TN:
SF:/Users/elf/Desktop/projects/birds2/birds/api/v1/models/team.js
FN:17,(anonymous_0)
FN:22,(anonymous_1)
FN:23,(anonymous_2)
FN:29,(anonymous_3)
FN:40,(anonymous_4)
FN:41,(anonymous_5)
FNF:6
FNH:2
FNDA:2,(anonymous_0)
FNDA:0,(anonymous_1)
FNDA:0,(anonymous_2)
FNDA:0,(anonymous_3)
FNDA:2,(anonymous_4)
FNDA:0,(anonymous_5)
DA:1,1
DA:2,1
DA:4,1
DA:17,1
DA:18,2
DA:22,1
DA:23,0
DA:24,0
DA:25,0
DA:26,0
DA:27,0
DA:28,0
DA:29,0
DA:30,0
DA:31,0
DA:32,0
DA:33,0
DA:35,0
DA:40,1
DA:41,2
DA:42,0
DA:43,0
DA:44,0
DA:45,0
DA:46,0
DA:50,1
LF:26
LH:9
BRDA:24,1,0,0
BRDA:24,1,1,0
BRDA:26,2,0,0
BRDA:26,2,1,0
BRDA:30,3,0,0
BRDA:30,3,1,0
BRDA:32,4,0,0
BRDA:32,4,1,0
BRDA:42,5,0,0
BRDA:42,5,1,0
BRDA:44,6,0,0
BRDA:44,6,1,0
BRF:12
BRH:0
end_of_record
TN:
SF:/Users/elf/Desktop/projects/birds2/birds/api/v1/models/user.js
FNF:0
FNH:0
DA:1,1
DA:2,1
DA:3,1
DA:5,1
DA:16,1
DA:21,1
LF:6
LH:6
BRF:0
BRH:0
end_of_record
TN:
SF:/Users/elf/Desktop/projects/birds2/birds/src/api/auth.js
FN:6,login
FN:7,register
FN:9,(anonymous_3)
FNF:3
FNH:0
FNDA:0,login
FNDA:0,register
FNDA:0,(anonymous_3)
DA:1,1
DA:3,1
DA:5,1
DA:7,0
DA:9,0
LF:5
LH:3
BRDA:3,1,0,1
BRDA:3,1,1,0
BRDA:3,1,2,1
BRF:3
BRH:2
end_of_record
TN:
SF:/Users/elf/Desktop/projects/birds2/birds/src/api/index.js
FNF:0
FNH:0
DA:1,1
DA:2,1
LF:2
LH:2
BRF:0
BRH:0
end_of_record
TN:
SF:/Users/elf/Desktop/projects/birds2/birds/src/api/v1.js
FN:5,addUser
FN:8,getUser
FNF:2
FNH:0
FNDA:0,addUser
FNDA:0,getUser
DA:1,1
DA:2,1
DA:4,1
DA:5,0
DA:6,0
DA:9,0
LF:6
LH:3
BRDA:2,1,0,1
BRDA:2,1,1,0
BRDA:2,1,2,1
BRF:3
BRH:2
end_of_record
TN:
SF:/Users/elf/Desktop/projects/birds2/birds/src/store/actions.js
FN:5,(anonymous_1)
FNF:1
FNH:0
FNDA:0,(anonymous_1)
DA:1,1
DA:3,1
DA:5,1
DA:13,1
DA:14,1
DA:15,1
DA:17,1
DA:18,1
DA:20,1
DA:21,1
LF:10
LH:10
BRF:0
BRH:0
end_of_record
TN:
SF:/Users/elf/Desktop/projects/birds2/birds/src/store/constants.js
FNF:0
FNH:0
DA:3,1
DA:5,1
DA:6,1
DA:7,1
DA:10,1
DA:11,1
DA:13,1
DA:14,1
LF:8
LH:8
BRF:0
BRH:0
end_of_record
TN:
SF:/Users/elf/Desktop/projects/birds2/birds/src/store/selectors.js
FN:6,(anonymous_0)
FN:11,(anonymous_1)
FNF:2
FNH:0
FNDA:0,(anonymous_0)
FNDA:0,(anonymous_1)
DA:1,1
DA:3,1
DA:5,1
DA:6,0
DA:10,1
DA:11,0
LF:6
LH:4
BRF:0
BRH:0
end_of_record
TN:
SF:/Users/elf/Desktop/projects/birds2/birds/src/store/reducers/kvs.js
FN:1,kvs
FN:1,(anonymous_2)
FN:20,getStore
FNF:3
FNH:3
FNDA:1,kvs
FNDA:17,(anonymous_2)
FNDA:5,getStore
DA:1,34
DA:2,17
DA:3,1
DA:5,16
DA:7,6
DA:12,1
DA:14,9
DA:20,5
LF:8
LH:8
BRDA:1,1,0,7
BRDA:1,1,1,10
BRDA:1,2,0,17
BRDA:1,2,1,17
BRDA:2,3,0,1
BRDA:2,3,1,16
BRDA:6,4,0,6
BRDA:6,4,1,1
BRDA:6,4,2,9
BRF:9
BRH:9
end_of_record
TN:
SF:/Users/elf/Desktop/projects/birds2/birds/src/store/reducers/kvs.test.js
FN:7,(anonymous_1)
FN:8,(anonymous_2)
FN:11,(anonymous_3)
FN:14,(anonymous_4)
FN:17,(anonymous_5)
FN:23,(anonymous_6)
FN:29,(anonymous_7)
FN:35,(anonymous_8)
FN:41,(anonymous_9)
FN:47,(anonymous_10)
FN:55,(anonymous_11)
FNF:11
FNH:11
FNDA:1,(anonymous_1)
FNDA:1,(anonymous_2)
FNDA:1,(anonymous_3)
FNDA:1,(anonymous_4)
FNDA:1,(anonymous_5)
FNDA:1,(anonymous_6)
FNDA:1,(anonymous_7)
FNDA:1,(anonymous_8)
FNDA:1,(anonymous_9)
FNDA:1,(anonymous_10)
FNDA:1,(anonymous_11)
DA:1,1
DA:2,1
DA:4,1
DA:5,1
DA:7,1
DA:8,1
DA:9,1
DA:11,1
DA:12,1
DA:14,1
DA:15,1
DA:17,1
DA:18,1
DA:19,1
DA:20,1
DA:21,1
DA:23,1
DA:24,1
DA:25,1
DA:26,1
DA:27,1
DA:29,1
DA:30,1
DA:31,1
DA:32,1
DA:33,1
DA:35,1
DA:36,1
DA:37,1
DA:38,1
DA:39,1
DA:41,1
DA:42,1
DA:43,1
DA:44,1
DA:45,1
DA:47,1
DA:48,1
DA:49,1
DA:50,1
DA:51,1
DA:52,1
DA:53,1
DA:55,1
DA:56,1
DA:57,1
DA:58,1
DA:59,1
DA:60,1
LF:49
LH:49
BRF:0
BRH:0
end_of_record
TN:
SF:/Users/elf/Desktop/projects/birds2/birds/src/store/saga/auth.js
FN:9,auth
FN:9,auth$
FNF:2
FNH:2
FNDA:7,auth
FNDA:20,auth$
DA:1,1
DA:3,1
DA:5,1
DA:6,1
DA:7,1
DA:9,143
DA:12,6
DA:19,4
DA:20,3
DA:33,0
DA:34,0
DA:44,0
LF:12
LH:9
BRDA:9,1,0,9
BRDA:9,1,1,6
BRDA:9,1,2,4
BRDA:9,1,3,3
BRDA:9,1,4,0
BRDA:9,1,5,2
BRDA:9,1,6,1
BRDA:9,1,7,2
BRDA:9,1,8,1
BRDA:9,1,9,0
BRDA:9,1,10,0
BRDA:9,1,11,0
BRDA:9,1,12,0
BRDA:9,1,13,0
BRDA:9,1,14,0
BRDA:9,1,15,0
BRDA:9,1,16,2
BRDA:9,1,17,0
BRDA:9,1,18,2
BRDA:9,1,19,0
BRDA:9,1,20,0
BRDA:9,2,0,4
BRDA:9,2,1,2
BRDA:9,3,0,2
BRDA:9,3,1,0
BRDA:9,4,0,2
BRDA:9,4,1,1
BRF:27
BRH:15
end_of_record
TN:
SF:/Users/elf/Desktop/projects/birds2/birds/src/store/saga/auth.test.js
FN:9,(anonymous_2)
FN:10,(anonymous_3)
FN:21,(anonymous_4)
FN:22,(anonymous_5)
FN:37,(anonymous_6)
FN:58,(anonymous_7)
FN:77,(anonymous_8)
FN:103,(anonymous_9)
FN:104,(anonymous_10)
FN:113,(anonymous_11)
FN:127,(anonymous_12)
FN:128,(anonymous_13)
FNF:12
FNH:11
FNDA:1,(anonymous_2)
FNDA:1,(anonymous_3)
FNDA:1,(anonymous_4)
FNDA:1,(anonymous_5)
FNDA:1,(anonymous_6)
FNDA:1,(anonymous_7)
FNDA:1,(anonymous_8)
FNDA:1,(anonymous_9)
FNDA:1,(anonymous_10)
FNDA:1,(anonymous_11)
FNDA:1,(anonymous_12)
FNDA:0,(anonymous_13)
DA:1,1
DA:2,1
DA:3,1
DA:5,1
DA:6,1
DA:7,1
DA:9,1
DA:10,1
DA:11,1
DA:12,1
DA:21,1
DA:22,1
DA:23,1
DA:24,1
DA:25,1
DA:32,1
DA:37,1
DA:38,1
DA:43,1
DA:44,1
DA:45,1
DA:52,1
DA:53,1
DA:58,1
DA:59,1
DA:62,1
DA:63,1
DA:64,1
DA:71,1
DA:72,1
DA:77,1
DA:78,1
DA:83,1
DA:84,1
DA:85,1
DA:92,1
DA:93,1
DA:103,1
DA:104,1
DA:105,1
DA:106,1
DA:107,1
DA:108,1
DA:113,1
DA:114,1
DA:115,1
DA:116,1
DA:117,1
DA:127,1
DA:128,1
DA:129,0
DA:130,0
DA:131,0
DA:133,1
DA:134,1
LF:55
LH:52
BRF:0
BRH:0
end_of_record
